<?xml version="1.0" encoding="UTF-8"?>
<!-- Generated by org.testng.reporters.JUnitXMLReporter -->
<testsuite ignored="0" hostname="DESKTOP-82GHFIH" failures="1" tests="2" name="Test" time="134.149" errors="0" timestamp="2022-09-21T00:16:08 IST">
  <testcase classname="TestCases.VerifyLoginTestCase" name="login" time="28.648"/>
  <testcase classname="TestCases.VerifySignUpTestCase" name="SignUp" time="29.755">
    <failure type="java.lang.AssertionError" message="The following asserts failed:
	expected [&amp;quot;Free CRM Trial: Salesforce 30-Day Trial - Salesforce IN] but found [Free CRM Trial: Salesforce 30-Day Trial - Salesforce IN]">
      <![CDATA[java.lang.AssertionError: The following asserts failed:
expected ["Free CRM Trial: Salesforce 30-Day Trial - Salesforce IN] but found [Free CRM Trial: Salesforce 30-Day Trial - Salesforce IN]
at Resources.CommonUtilities.handleAssertions(CommonUtilities.java:23)
at TestCases.VerifySignUpTestCase.SignUp(VerifySignUpTestCase.java:28)
at java.base/java.util.ArrayList.forEach(ArrayList.java:1511)
... Removed 29 stack frames]]>
    </failure>
  </testcase> <!-- SignUp -->
</testsuite> <!-- Test -->
